#
# There is insufficient memory for the Java Runtime Environment to continue.
# Native memory allocation (mmap) failed to map 29179904 bytes for committing reserved memory.
# Possible reasons:
#   The system is out of physical RAM or swap space
#   In 32 bit mode, the process size limit was hit
# Possible solutions:
#   Reduce memory load on the system
#   Increase physical memory or swap space
#   Check if swap backing store is full
#   Use 64 bit Java on a 64 bit OS
#   Decrease Java heap size (-Xmx/-Xms)
#   Decrease number of Java threads
#   Decrease Java thread stack sizes (-Xss)
#   Set larger code cache with -XX:ReservedCodeCacheSize=
# This output file may be truncated or incomplete.
#
#  Out of Memory Error (os_linux.cpp:2627), pid=3986, tid=140591143958272
#
# JRE version: Java(TM) SE Runtime Environment (8.0_71-b15) (build 1.8.0_71-b15)
# Java VM: Java HotSpot(TM) 64-Bit Server VM (25.71-b15 mixed mode linux-amd64 compressed oops)
# Failed to write core dump. Core dumps have been disabled. To enable core dumping, try "ulimit -c unlimited" before starting Java again
#

---------------  T H R E A D  ---------------

Current thread (0x00007fdde806d000):  VMThread [stack: 0x00007fdded21b000,0x00007fdded31c000] [id=3995]

Stack: [0x00007fdded21b000,0x00007fdded31c000],  sp=0x00007fdded31a2d0,  free space=1020k
Native frames: (J=compiled Java code, j=interpreted, Vv=VM code, C=native code)
V  [libjvm.so+0xaba71a]  VMError::report_and_die()+0x2ba
V  [libjvm.so+0x4f9ecb]  report_vm_out_of_memory(char const*, int, unsigned long, VMErrorType, char const*)+0x8b
V  [libjvm.so+0x91b553]  os::Linux::commit_memory_impl(char*, unsigned long, bool)+0x103
V  [libjvm.so+0x91baa9]  os::pd_commit_memory(char*, unsigned long, unsigned long, bool)+0x29
V  [libjvm.so+0x915dba]  os::commit_memory(char*, unsigned long, unsigned long, bool)+0x2a
V  [libjvm.so+0xab6479]  VirtualSpace::expand_by(unsigned long, bool)+0x199
V  [libjvm.so+0x5f6435]  OneContigSpaceCardGeneration::grow_by(unsigned long)+0x25
V  [libjvm.so+0x5f67ff]  CardGeneration::expand(unsigned long, unsigned long)+0x6f
V  [libjvm.so+0x5f68ae]  OneContigSpaceCardGeneration::expand(unsigned long, unsigned long)+0x3e
V  [libjvm.so+0x5e7a14]  GenCollectedHeap::do_collection(bool, bool, unsigned long, bool, int)+0x734
V  [libjvm.so+0x4855e4]  GenCollectorPolicy::satisfy_failed_allocation(unsigned long, bool)+0x134
V  [libjvm.so+0xabb724]  VM_GenCollectForAllocation::doit()+0x94
V  [libjvm.so+0xac3b65]  VM_Operation::evaluate()+0x55
V  [libjvm.so+0xac1f3a]  VMThread::evaluate_operation(VM_Operation*)+0xba
V  [libjvm.so+0xac22be]  VMThread::loop()+0x1ce
V  [libjvm.so+0xac2730]  VMThread::run()+0x70
V  [libjvm.so+0x91d918]  java_start(Thread*)+0x108

VM_Operation (0x00007fddd8d7d350): GenCollectForAllocation, mode: safepoint, requested by thread 0x00007fdde8a3c000


---------------  P R O C E S S  ---------------

Java Threads: ( => current thread )
  0x00007fddb0b55000 JavaThread "Eureka-JerseyClient-Conn-Cleaner2" daemon [_thread_blocked, id=4013, stack(0x00007fddb73fa000,0x00007fddb74fb000)]
  0x00007fddb0b54000 JavaThread "Eureka-JerseyClient-Conn-Cleaner2" daemon [_thread_blocked, id=4012, stack(0x00007fddb74fb000,0x00007fddb75fc000)]
  0x00007fddb0ad1800 JavaThread "DiscoveryClient-0" daemon [_thread_blocked, id=4011, stack(0x00007fddb75fc000,0x00007fddb76fd000)]
  0x00007fddb094a800 JavaThread "container-0" [_thread_blocked, id=4010, stack(0x00007fddb7afd000,0x00007fddb7bfe000)]
  0x00007fddb8b63000 JavaThread "ContainerBackgroundProcessor[StandardEngine[Tomcat].StandardHost[localhost].StandardContext[]]" daemon [_thread_blocked, id=4009, stack(0x00007fddb7bfe000,0x00007fddb7cff000)]
  0x00007fddb92e6800 JavaThread "SimpleHostRoutingFilter.CONNECTION_MANAGER_TIMER" daemon [_thread_blocked, id=4008, stack(0x00007fddb7cff000,0x00007fddb7e00000)]
  0x00007fddbcbde000 JavaThread "localhost-startStop-1" daemon [_thread_blocked, id=4007, stack(0x00007fddd83ad000,0x00007fddd84ae000)]
  0x00007fddb0949800 JavaThread "Tomcat-startStop-1" daemon [_thread_blocked, id=4006, stack(0x00007fddd86b4000,0x00007fddd87b5000)]
  0x00007fdde8a3c000 JavaThread "main" [_thread_blocked, id=4003, stack(0x00007fddd8c83000,0x00007fddd8d84000)]
  0x00007fdde80b2800 JavaThread "Service Thread" daemon [_thread_blocked, id=4001, stack(0x00007fddecc15000,0x00007fddecd16000)]
  0x00007fdde80af800 JavaThread "C1 CompilerThread1" daemon [_thread_blocked, id=4000, stack(0x00007fddecd16000,0x00007fddece17000)]
  0x00007fdde80ad800 JavaThread "C2 CompilerThread0" daemon [_thread_blocked, id=3999, stack(0x00007fddece17000,0x00007fddecf18000)]
  0x00007fdde80ac000 JavaThread "Signal Dispatcher" daemon [_thread_blocked, id=3998, stack(0x00007fddecf18000,0x00007fdded019000)]
  0x00007fdde8074000 JavaThread "Finalizer" daemon [_thread_blocked, id=3997, stack(0x00007fdded019000,0x00007fdded11a000)]
  0x00007fdde8072000 JavaThread "Reference Handler" daemon [_thread_blocked, id=3996, stack(0x00007fdded11a000,0x00007fdded21b000)]
  0x00007fdde8008800 JavaThread "main" [_thread_blocked, id=3994, stack(0x00007fddf0a56000,0x00007fddf0b57000)]

Other Threads:
=>0x00007fdde806d000 VMThread [stack: 0x00007fdded21b000,0x00007fdded31c000] [id=3995]
  0x00007fdde80b6000 WatcherThread [stack: 0x00007fddecb14000,0x00007fddecc15000] [id=4002]

VM state:at safepoint (normal execution)

VM Mutex/Monitor currently owned by a thread:  ([mutex/lock_event])
[0x00007fdde8006140] Threads_lock - owner thread: 0x00007fdde806d000
[0x00007fdde8006640] Heap_lock - owner thread: 0x00007fdde8a3c000

Heap:
 def new generation   total 22656K, used 0K [0x00000000f0600000, 0x00000000f1e90000, 0x00000000f5950000)
  eden space 20160K,   0% used [0x00000000f0600000, 0x00000000f0600000, 0x00000000f19b0000)
  from space 2496K,   0% used [0x00000000f19b0000, 0x00000000f19b0000, 0x00000000f1c20000)
  to   space 2496K,   0% used [0x00000000f1c20000, 0x00000000f1c20000, 0x00000000f1e90000)
 tenured generation   total 51756K, used 48148K [0x00000000f5950000, 0x00000000f8bdb000, 0x0000000100000000)
   the space 51756K,  93% used [0x00000000f5950000, 0x00000000f8855390, 0x00000000f8855400, 0x00000000f8bdb000)
 Metaspace       used 51517K, capacity 52566K, committed 52736K, reserved 1095680K
  class space    used 6373K, capacity 6599K, committed 6656K, reserved 1048576K

Card table byte_map: [0x00007fddf09d0000,0x00007fddf0a4e000] byte_map_base: 0x00007fddf024d000

Polling page: 0x00007fddf0b5f000

CodeCache: size=245760Kb used=17154Kb max_used=17154Kb free=228605Kb
 bounds [0x00007fddd9000000, 0x00007fddda0e0000, 0x00007fdde8000000]
 total_blobs=6601 nmethods=6159 adapters=356
 compilation: enabled

Compilation events (10 events):
Event: 19.992 Thread 0x00007fdde80af800 7147       2       com.netflix.servo.util.Preconditions::checkArgument (14 bytes)
Event: 19.992 Thread 0x00007fdde80af800 nmethod 7147 0x00007fddda0cf610 code [0x00007fddda0cf780, 0x00007fddda0cf940]
Event: 19.992 Thread 0x00007fdde80af800 7148       1       com.netflix.servo.tag.BasicTag::getValue (5 bytes)
Event: 19.992 Thread 0x00007fdde80af800 nmethod 7148 0x00007fddda0cfa10 code [0x00007fddda0cfb60, 0x00007fddda0cfc70]
Event: 19.992 Thread 0x00007fdde80af800 7150       2       com.netflix.servo.tag.SmallTagMap::builder (10 bytes)
Event: 19.993 Thread 0x00007fdde80af800 nmethod 7150 0x00007fddda0cfcd0 code [0x00007fddda0cfe40, 0x00007fddda0d0070]
Event: 19.993 Thread 0x00007fdde80af800 7151       1       com.netflix.servo.monitor.AbstractMonitor::getConfig (5 bytes)
Event: 19.993 Thread 0x00007fdde80af800 nmethod 7151 0x00007fddda0d0150 code [0x00007fddda0d02a0, 0x00007fddda0d03b0]
Event: 19.996 Thread 0x00007fdde80af800 7152       2       com.google.common.base.Equivalence$Equals::doEquivalent (6 bytes)
Event: 19.996 Thread 0x00007fdde80af800 nmethod 7152 0x00007fddda0d0410 code [0x00007fddda0d0580, 0x00007fddda0d0700]

GC Heap History (10 events):
Event: 18.455 GC heap after
Heap after GC invocations=103 (full 5):
 def new generation   total 22656K, used 2495K [0x00000000f0600000, 0x00000000f1e90000, 0x00000000f5950000)
  eden space 20160K,   0% used [0x00000000f0600000, 0x00000000f0600000, 0x00000000f19b0000)
  from space 2496K,  99% used [0x00000000f1c20000, 0x00000000f1e8fff8, 0x00000000f1e90000)
  to   space 2496K,   0% used [0x00000000f19b0000, 0x00000000f19b0000, 0x00000000f1c20000)
 tenured generation   total 50220K, used 48785K [0x00000000f5950000, 0x00000000f8a5b000, 0x0000000100000000)
   the space 50220K,  97% used [0x00000000f5950000, 0x00000000f88f4490, 0x00000000f88f4600, 0x00000000f8a5b000)
 Metaspace       used 48749K, capacity 49704K, committed 50048K, reserved 1093632K
  class space    used 6003K, capacity 6227K, committed 6272K, reserved 1048576K
}
Event: 18.686 GC heap before
{Heap before GC invocations=103 (full 5):
 def new generation   total 22656K, used 22655K [0x00000000f0600000, 0x00000000f1e90000, 0x00000000f5950000)
  eden space 20160K, 100% used [0x00000000f0600000, 0x00000000f19b0000, 0x00000000f19b0000)
  from space 2496K,  99% used [0x00000000f1c20000, 0x00000000f1e8fff8, 0x00000000f1e90000)
  to   space 2496K,   0% used [0x00000000f19b0000, 0x00000000f19b0000, 0x00000000f1c20000)
 tenured generation   total 50220K, used 48785K [0x00000000f5950000, 0x00000000f8a5b000, 0x0000000100000000)
   the space 50220K,  97% used [0x00000000f5950000, 0x00000000f88f4490, 0x00000000f88f4600, 0x00000000f8a5b000)
 Metaspace       used 48899K, capacity 49832K, committed 50048K, reserved 1093632K
  class space    used 6016K, capacity 6227K, committed 6272K, reserved 1048576K
Event: 18.694 GC heap after
Heap after GC invocations=104 (full 5):
 def new generation   total 22656K, used 998K [0x00000000f0600000, 0x00000000f1e90000, 0x00000000f5950000)
  eden space 20160K,   0% used [0x00000000f0600000, 0x00000000f0600000, 0x00000000f19b0000)
  from space 2496K,  39% used [0x00000000f19b0000, 0x00000000f1aa98c8, 0x00000000f1c20000)
  to   space 2496K,   0% used [0x00000000f1c20000, 0x00000000f1c20000, 0x00000000f1e90000)
 tenured generation   total 50220K, used 49934K [0x00000000f5950000, 0x00000000f8a5b000, 0x0000000100000000)
   the space 50220K,  99% used [0x00000000f5950000, 0x00000000f8a13908, 0x00000000f8a13a00, 0x00000000f8a5b000)
 Metaspace       used 48899K, capacity 49832K, committed 50048K, reserved 1093632K
  class space    used 6016K, capacity 6227K, committed 6272K, reserved 1048576K
}
Event: 18.989 GC heap before
{Heap before GC invocations=104 (full 5):
 def new generation   total 22656K, used 21158K [0x00000000f0600000, 0x00000000f1e90000, 0x00000000f5950000)
  eden space 20160K, 100% used [0x00000000f0600000, 0x00000000f19b0000, 0x00000000f19b0000)
  from space 2496K,  39% used [0x00000000f19b0000, 0x00000000f1aa98c8, 0x00000000f1c20000)
  to   space 2496K,   0% used [0x00000000f1c20000, 0x00000000f1c20000, 0x00000000f1e90000)
 tenured generation   total 50220K, used 49934K [0x00000000f5950000, 0x00000000f8a5b000, 0x0000000100000000)
   the space 50220K,  99% used [0x00000000f5950000, 0x00000000f8a13908, 0x00000000f8a13a00, 0x00000000f8a5b000)
 Metaspace       used 49165K, capacity 50188K, committed 50304K, reserved 1093632K
  class space    used 6045K, capacity 6265K, committed 6272K, reserved 1048576K
Event: 18.992 GC heap after
Heap after GC invocations=105 (full 5):
 def new generation   total 22656K, used 498K [0x00000000f0600000, 0x00000000f1e90000, 0x00000000f5950000)
  eden space 20160K,   0% used [0x00000000f0600000, 0x00000000f0600000, 0x00000000f19b0000)
  from space 2496K,  19% used [0x00000000f1c20000, 0x00000000f1c9ca00, 0x00000000f1e90000)
  to   space 2496K,   0% used [0x00000000f19b0000, 0x00000000f19b0000, 0x00000000f1c20000)
 tenured generation   total 50220K, used 49934K [0x00000000f5950000, 0x00000000f8a5b000, 0x0000000100000000)
   the space 50220K,  99% used [0x00000000f5950000, 0x00000000f8a13908, 0x00000000f8a13a00, 0x00000000f8a5b000)
 Metaspace       used 49165K, capacity 50188K, committed 50304K, reserved 1093632K
  class space    used 6045K, capacity 6265K, committed 6272K, reserved 1048576K
}
Event: 19.235 GC heap before
{Heap before GC invocations=105 (full 5):
 def new generation   total 22656K, used 20658K [0x00000000f0600000, 0x00000000f1e90000, 0x00000000f5950000)
  eden space 20160K, 100% used [0x00000000f0600000, 0x00000000f19b0000, 0x00000000f19b0000)
  from space 2496K,  19% used [0x00000000f1c20000, 0x00000000f1c9ca00, 0x00000000f1e90000)
  to   space 2496K,   0% used [0x00000000f19b0000, 0x00000000f19b0000, 0x00000000f1c20000)
 tenured generation   total 50220K, used 49934K [0x00000000f5950000, 0x00000000f8a5b000, 0x0000000100000000)
   the space 50220K,  99% used [0x00000000f5950000, 0x00000000f8a13908, 0x00000000f8a13a00, 0x00000000f8a5b000)
 Metaspace       used 49387K, capacity 50424K, committed 50688K, reserved 1093632K
  class space    used 6070K, capacity 6299K, committed 6400K, reserved 1048576K
Event: 19.240 GC heap after
Heap after GC invocations=106 (full 5):
 def new generation   total 22656K, used 739K [0x00000000f0600000, 0x00000000f1e90000, 0x00000000f5950000)
  eden space 20160K,   0% used [0x00000000f0600000, 0x00000000f0600000, 0x00000000f19b0000)
  from space 2496K,  29% used [0x00000000f19b0000, 0x00000000f1a68d50, 0x00000000f1c20000)
  to   space 2496K,   0% used [0x00000000f1c20000, 0x00000000f1c20000, 0x00000000f1e90000)
 tenured generation   total 50220K, used 49934K [0x00000000f5950000, 0x00000000f8a5b000, 0x0000000100000000)
   the space 50220K,  99% used [0x00000000f5950000, 0x00000000f8a13908, 0x00000000f8a13a00, 0x00000000f8a5b000)
 Metaspace       used 49387K, capacity 50424K, committed 50688K, reserved 1093632K
  class space    used 6070K, capacity 6299K, committed 6400K, reserved 1048576K
}
Event: 19.687 GC heap before
{Heap before GC invocations=106 (full 5):
 def new generation   total 22656K, used 20899K [0x00000000f0600000, 0x00000000f1e90000, 0x00000000f5950000)
  eden space 20160K, 100% used [0x00000000f0600000, 0x00000000f19b0000, 0x00000000f19b0000)
  from space 2496K,  29% used [0x00000000f19b0000, 0x00000000f1a68d50, 0x00000000f1c20000)
  to   space 2496K,   0% used [0x00000000f1c20000, 0x00000000f1c20000, 0x00000000f1e90000)
 tenured generation   total 50220K, used 49934K [0x00000000f5950000, 0x00000000f8a5b000, 0x0000000100000000)
   the space 50220K,  99% used [0x00000000f5950000, 0x00000000f8a13908, 0x00000000f8a13a00, 0x00000000f8a5b000)
 Metaspace       used 50886K, capacity 51966K, committed 52224K, reserved 1095680K
  class space    used 6281K, capacity 6531K, committed 6656K, reserved 1048576K
Event: 19.695 GC heap after
Heap after GC invocations=107 (full 5):
 def new generation   total 22656K, used 2496K [0x00000000f0600000, 0x00000000f1e90000, 0x00000000f5950000)
  eden space 20160K,   0% used [0x00000000f0600000, 0x00000000f0600000, 0x00000000f19b0000)
  from space 2496K, 100% used [0x00000000f1c20000, 0x00000000f1e90000, 0x00000000f1e90000)
  to   space 2496K,   0% used [0x00000000f19b0000, 0x00000000f19b0000, 0x00000000f1c20000)
 tenured generation   total 50220K, used 50197K [0x00000000f5950000, 0x00000000f8a5b000, 0x0000000100000000)
   the space 50220K,  99% used [0x00000000f5950000, 0x00000000f8a556a0, 0x00000000f8a55800, 0x00000000f8a5b000)
 Metaspace       used 50886K, capacity 51966K, committed 52224K, reserved 1095680K
  class space    used 6281K, capacity 6531K, committed 6656K, reserved 1048576K
}
Event: 20.004 GC heap before
{Heap before GC invocations=107 (full 5):
 def new generation   total 22656K, used 22656K [0x00000000f0600000, 0x00000000f1e90000, 0x00000000f5950000)
  eden space 20160K, 100% used [0x00000000f0600000, 0x00000000f19b0000, 0x00000000f19b0000)
  from space 2496K, 100% used [0x00000000f1c20000, 0x00000000f1e90000, 0x00000000f1e90000)
  to   space 2496K,   0% used [0x00000000f19b0000, 0x00000000f19b0000, 0x00000000f1c20000)
 tenured generation   total 50220K, used 50197K [0x00000000f5950000, 0x00000000f8a5b000, 0x0000000100000000)
   the space 50220K,  99% used [0x00000000f5950000, 0x00000000f8a556a0, 0x00000000f8a55800, 0x00000000f8a5b000)
 Metaspace       used 51517K, capacity 52566K, committed 52736K, reserved 1095680K
  class space    used 6373K, capacity 6599K, committed 6656K, reserved 1048576K

Deoptimization events (10 events):
Event: 18.668 Thread 0x00007fdde8a3c000 Uncommon trap: reason=class_check action=maybe_recompile pc=0x00007fddd92047e4 method=java.lang.String.equals(Ljava/lang/Object;)Z @ 8
Event: 18.669 Thread 0x00007fdde8a3c000 Uncommon trap: reason=class_check action=maybe_recompile pc=0x00007fddd92047e4 method=java.lang.String.equals(Ljava/lang/Object;)Z @ 8
Event: 18.669 Thread 0x00007fdde8a3c000 Uncommon trap: reason=class_check action=maybe_recompile pc=0x00007fddd92047e4 method=java.lang.String.equals(Ljava/lang/Object;)Z @ 8
Event: 18.670 Thread 0x00007fdde8a3c000 Uncommon trap: reason=class_check action=maybe_recompile pc=0x00007fddd92047e4 method=java.lang.String.equals(Ljava/lang/Object;)Z @ 8
Event: 19.332 Thread 0x00007fdde8a3c000 Uncommon trap: reason=unstable_if action=reinterpret pc=0x00007fddd98a076c method=java.net.URI.match(CJJ)Z @ 45
Event: 19.488 Thread 0x00007fdde8a3c000 Uncommon trap: reason=class_check action=maybe_recompile pc=0x00007fddd9ca9094 method=java.util.AbstractList$Itr.hasNext()Z @ 8
Event: 19.582 Thread 0x00007fdde8a3c000 Uncommon trap: reason=bimorphic action=maybe_recompile pc=0x00007fddd9589384 method=java.util.regex.Pattern$5.isSatisfiedBy(I)Z @ 5
Event: 19.582 Thread 0x00007fdde8a3c000 Uncommon trap: reason=bimorphic action=maybe_recompile pc=0x00007fddd9589384 method=java.util.regex.Pattern$5.isSatisfiedBy(I)Z @ 5
Event: 19.582 Thread 0x00007fdde8a3c000 Uncommon trap: reason=bimorphic action=maybe_recompile pc=0x00007fddd9589384 method=java.util.regex.Pattern$5.isSatisfiedBy(I)Z @ 5
Event: 19.582 Thread 0x00007fdde8a3c000 Uncommon trap: reason=bimorphic action=maybe_recompile pc=0x00007fddd9589384 method=java.util.regex.Pattern$5.isSatisfiedBy(I)Z @ 5

Internal exceptions (10 events):
Event: 18.758 Thread 0x00007fdde8a3c000 Exception <a 'java/lang/ClassNotFoundException': java/lang/ObjectCustomizer> (0x00000000f0869760) thrown at [/HUDSON/workspace/8-2-build-linux-amd64/jdk8u71/5731/hotspot/src/share/vm/classfile/systemDictionary.cpp, line 210]
Event: 18.758 Thread 0x00007fdde8a3c000 Exception <a 'java/lang/ClassNotFoundException': org/springframework/cloud/context/scope/GenericScopeCustomizer> (0x00000000f0889670) thrown at [/HUDSON/workspace/8-2-build-linux-amd64/jdk8u71/5731/hotspot/src/share/vm/classfile/systemDictionary.cpp, line
Event: 18.826 Thread 0x00007fdde8a3c000 Exception <a 'java/lang/ClassNotFoundException': java/lang/ObjectCustomizer> (0x00000000f0b8c618) thrown at [/HUDSON/workspace/8-2-build-linux-amd64/jdk8u71/5731/hotspot/src/share/vm/classfile/systemDictionary.cpp, line 210]
Event: 18.826 Thread 0x00007fdde8a3c000 Exception <a 'java/lang/ClassNotFoundException': org/springframework/cloud/bootstrap/config/PropertySourceBootstrapPropertiesCustomizer> (0x00000000f0bb3dd8) thrown at [/HUDSON/workspace/8-2-build-linux-amd64/jdk8u71/5731/hotspot/src/share/vm/classfile/sy
Event: 19.080 Thread 0x00007fdde8a3c000 Exception <a 'java/lang/ClassNotFoundException': java/lang/ObjectCustomizer> (0x00000000f0e15da8) thrown at [/HUDSON/workspace/8-2-build-linux-amd64/jdk8u71/5731/hotspot/src/share/vm/classfile/systemDictionary.cpp, line 210]
Event: 19.080 Thread 0x00007fdde8a3c000 Exception <a 'java/lang/ClassNotFoundException': org/springframework/cloud/bootstrap/encrypt/KeyPropertiesCustomizer> (0x00000000f0e389d8) thrown at [/HUDSON/workspace/8-2-build-linux-amd64/jdk8u71/5731/hotspot/src/share/vm/classfile/systemDictionary.cpp,
Event: 19.164 Thread 0x00007fdde8a3c000 Exception <a 'java/lang/ClassNotFoundException': java/lang/ObjectCustomizer> (0x00000000f14d9978) thrown at [/HUDSON/workspace/8-2-build-linux-amd64/jdk8u71/5731/hotspot/src/share/vm/classfile/systemDictionary.cpp, line 210]
Event: 19.164 Thread 0x00007fdde8a3c000 Exception <a 'java/lang/ClassNotFoundException': com/netflix/appinfo/ApplicationInfoManagerCustomizer> (0x00000000f14f6780) thrown at [/HUDSON/workspace/8-2-build-linux-amd64/jdk8u71/5731/hotspot/src/share/vm/classfile/systemDictionary.cpp, line 210]
Event: 19.815 Thread 0x00007fdde8a3c000 Exception <a 'java/lang/NoClassDefFoundError': javax/mail/internet/ParseException> (0x00000000f0d6fb28) thrown at [/HUDSON/workspace/8-2-build-linux-amd64/jdk8u71/5731/hotspot/src/share/vm/classfile/systemDictionary.cpp, line 199]
Event: 19.927 Thread 0x00007fdde8a3c000 Exception <a 'java/lang/NoClassDefFoundError': javax/mail/internet/ParseException> (0x00000000f1528ae8) thrown at [/HUDSON/workspace/8-2-build-linux-amd64/jdk8u71/5731/hotspot/src/share/vm/classfile/systemDictionary.cpp, line 199]

Events (10 events):
Event: 20.003 loading class com/netflix/discovery/shared/transport/decorator/RedirectingEurekaHttpClient$1 done
Event: 20.004 loading class com/netflix/discovery/shared/transport/decorator/ServerStatusEvaluators
Event: 20.004 loading class com/netflix/discovery/shared/transport/decorator/ServerStatusEvaluators done
Event: 20.004 loading class com/netflix/discovery/shared/transport/decorator/ServerStatusEvaluator
Event: 20.004 loading class com/netflix/discovery/shared/transport/decorator/ServerStatusEvaluator done
Event: 20.004 loading class com/netflix/discovery/shared/transport/decorator/ServerStatusEvaluators$1
Event: 20.004 loading class com/netflix/discovery/shared/transport/decorator/ServerStatusEvaluators$1 done
Event: 20.004 loading class com/netflix/discovery/shared/transport/decorator/ServerStatusEvaluators$2
Event: 20.004 loading class com/netflix/discovery/shared/transport/decorator/ServerStatusEvaluators$2 done
Event: 20.004 Executing VM operation: GenCollectForAllocation


Dynamic libraries:
00400000-00401000 r-xp 00000000 ca:01 415792                             /usr/java/jdk1.8.0_71/bin/java
00600000-00601000 rw-p 00000000 ca:01 415792                             /usr/java/jdk1.8.0_71/bin/java
00630000-00651000 rw-p 00000000 00:00 0                                  [heap]
f0600000-f1e90000 rw-p 00000000 00:00 0 
f1e90000-f5950000 ---p 00000000 00:00 0 
f5950000-f8bdb000 rw-p 00000000 00:00 0 
fa7af000-100000000 ---p 00000000 00:00 0 
100000000-100680000 rw-p 00000000 00:00 0 
100680000-140000000 ---p 00000000 00:00 0 
7fddb0000000-7fddb0b60000 rw-p 00000000 00:00 0 
7fddb0b60000-7fddb4000000 ---p 00000000 00:00 0 
7fddb713e000-7fddb723e000 rw-p 00000000 00:00 0 
7fddb723e000-7fddb733e000 ---p 00000000 00:00 0 
7fddb73fa000-7fddb73fd000 ---p 00000000 00:00 0 
7fddb73fd000-7fddb74fb000 rw-p 00000000 00:00 0                          [stack:4013]
7fddb74fb000-7fddb74fe000 ---p 00000000 00:00 0 
7fddb74fe000-7fddb75fc000 rw-p 00000000 00:00 0                          [stack:4012]
7fddb75fc000-7fddb75ff000 ---p 00000000 00:00 0 
7fddb75ff000-7fddb78fd000 rw-p 00000000 00:00 0                          [stack:4011]
7fddb78fd000-7fddb7afd000 rw-p 00000000 00:00 0 
7fddb7afd000-7fddb7b00000 ---p 00000000 00:00 0 
7fddb7b00000-7fddb7bfe000 rw-p 00000000 00:00 0                          [stack:4010]
7fddb7bfe000-7fddb7c01000 ---p 00000000 00:00 0 
7fddb7c01000-7fddb7cff000 rw-p 00000000 00:00 0                          [stack:4009]
7fddb7cff000-7fddb7d02000 ---p 00000000 00:00 0 
7fddb7d02000-7fddb8000000 rw-p 00000000 00:00 0                          [stack:4008]
7fddb8000000-7fddba42e000 rw-p 00000000 00:00 0 
7fddba42e000-7fddbc000000 ---p 00000000 00:00 0 
7fddbc000000-7fddbd397000 rw-p 00000000 00:00 0 
7fddbd397000-7fddc0000000 ---p 00000000 00:00 0 
7fddc0000000-7fddc0021000 rw-p 00000000 00:00 0 
7fddc0021000-7fddc4000000 ---p 00000000 00:00 0 
7fddc4005000-7fddc401a000 r-xp 00000000 ca:01 396416                     /lib64/libgcc_s-4.8.3-20140911.so.1
7fddc401a000-7fddc421a000 ---p 00015000 ca:01 396416                     /lib64/libgcc_s-4.8.3-20140911.so.1
7fddc421a000-7fddc421b000 rw-p 00015000 ca:01 396416                     /lib64/libgcc_s-4.8.3-20140911.so.1
7fddc421b000-7fddc424d000 r-xp 00000000 ca:01 416026                     /usr/java/jdk1.8.0_71/jre/lib/amd64/libsunec.so
7fddc424d000-7fddc444c000 ---p 00032000 ca:01 416026                     /usr/java/jdk1.8.0_71/jre/lib/amd64/libsunec.so
7fddc444c000-7fddc4452000 rw-p 00031000 ca:01 416026                     /usr/java/jdk1.8.0_71/jre/lib/amd64/libsunec.so
7fddc4452000-7fddc4662000 rw-p 00000000 00:00 0 
7fddc4662000-7fddc4862000 rw-p 00000000 00:00 0 
7fddc4862000-7fddc4a62000 rw-p 00000000 00:00 0 
7fddc4a62000-7fddc4c62000 rw-p 00000000 00:00 0 
7fddc4cb6000-7fddc4eb6000 rw-p 00000000 00:00 0 
7fddc4eb6000-7fddc50b6000 rw-p 00000000 00:00 0 
7fddc50b6000-7fddc52b6000 rw-p 00000000 00:00 0 
7fddc52b6000-7fddc52be000 r-xp 00000000 ca:01 416021                     /usr/java/jdk1.8.0_71/jre/lib/amd64/libmanagement.so
7fddc52be000-7fddc54be000 ---p 00008000 ca:01 416021                     /usr/java/jdk1.8.0_71/jre/lib/amd64/libmanagement.so
7fddc54be000-7fddc54bf000 rw-p 00008000 ca:01 416021                     /usr/java/jdk1.8.0_71/jre/lib/amd64/libmanagement.so
7fddc54bf000-7fddc56bf000 rw-p 00000000 00:00 0 
7fddc56bf000-7fddc58bf000 rw-p 00000000 00:00 0 
7fddc58bf000-7fddc58d5000 r-xp 00000000 ca:01 396503                     /lib64/libresolv-2.17.so
7fddc58d5000-7fddc5ad5000 ---p 00016000 ca:01 396503                     /lib64/libresolv-2.17.so
7fddc5ad5000-7fddc5ad6000 r--p 00016000 ca:01 396503                     /lib64/libresolv-2.17.so
7fddc5ad6000-7fddc5ad7000 rw-p 00017000 ca:01 396503                     /lib64/libresolv-2.17.so
7fddc5ad7000-7fddc5ad9000 rw-p 00000000 00:00 0 
7fddc5ad9000-7fddcc000000 r--p 00000000 ca:01 396793                     /usr/lib/locale/locale-archive
7fddcc000000-7fddcc021000 rw-p 00000000 00:00 0 
7fddcc021000-7fddd0000000 ---p 00000000 00:00 0 
7fddd0000000-7fddd0021000 rw-p 00000000 00:00 0 
7fddd0021000-7fddd4000000 ---p 00000000 00:00 0 
7fddd4000000-7fddd43ca000 rw-p 00000000 00:00 0 
7fddd43ca000-7fddd8000000 ---p 00000000 00:00 0 
7fddd80f7000-7fddd80fb000 r--s 0003a000 ca:01 415982                     /usr/java/jdk1.8.0_71/jre/lib/ext/sunpkcs11.jar
7fddd80fb000-7fddd810d000 r--s 00345000 ca:01 415936                     /usr/java/jdk1.8.0_71/jre/lib/resources.jar
7fddd810d000-7fddd81a2000 r--s 01108000 ca:01 415980                     /usr/java/jdk1.8.0_71/jre/lib/ext/jfxrt.jar
7fddd81a2000-7fddd81a7000 r-xp 00000000 ca:01 396491                     /lib64/libnss_dns-2.17.so
7fddd81a7000-7fddd83a6000 ---p 00005000 ca:01 396491                     /lib64/libnss_dns-2.17.so
7fddd83a6000-7fddd83a7000 r--p 00004000 ca:01 396491                     /lib64/libnss_dns-2.17.so
7fddd83a7000-7fddd83a8000 rw-p 00005000 ca:01 396491                     /lib64/libnss_dns-2.17.so
7fddd83a8000-7fddd83a9000 rw-p 00000000 00:00 0 
7fddd83a9000-7fddd83aa000 r--s 00009000 ca:01 415974                     /usr/java/jdk1.8.0_71/jre/lib/ext/sunec.jar
7fddd83aa000-7fddd83ad000 r--s 0001a000 ca:01 415906                     /usr/java/jdk1.8.0_71/jre/lib/jce.jar
7fddd83ad000-7fddd83b0000 ---p 00000000 00:00 0 
7fddd83b0000-7fddd86ae000 rw-p 00000000 00:00 0                          [stack:4007]
7fddd86ae000-7fddd86b4000 r--s 002f8000 ca:01 415848                     /usr/java/jdk1.8.0_71/jre/lib/charsets.jar
7fddd86b4000-7fddd86b7000 ---p 00000000 00:00 0 
7fddd86b7000-7fddd89b5000 rw-p 00000000 00:00 0                          [stack:4006]
7fddd89b5000-7fddd89bc000 r--s 00049000 ca:01 529674                     /home/ec2-user/.m2/repository/org/apache/httpcomponents/httpcore/4.4.4/httpcore-4.4.4.jar
7fddd89bc000-7fddd89be000 r--s 00013000 ca:01 657837                     /home/ec2-user/.m2/repository/com/netflix/zuul/zuul-core/1.1.0-rc.1/zuul-core-1.1.0-rc.1.jar
7fddd89be000-7fddd89c0000 r--s 0000c000 ca:01 529735                     /home/ec2-user/.m2/repository/com/netflix/ribbon/ribbon-httpclient/2.1.0/ribbon-httpclient-2.1.0.jar
7fddd89c0000-7fddd89c8000 r--s 0003f000 ca:01 657608                     /home/ec2-user/.m2/repository/com/netflix/hystrix/hystrix-core/1.4.20/hystrix-core-1.4.20.jar
7fddd89c8000-7fddd89cd000 r--s 00032000 ca:01 529662                     /home/ec2-user/.m2/repository/com/netflix/servo/servo-core/0.10.0/servo-core-0.10.0.jar
7fddd89cd000-7fddd89e5000 r--s 000f2000 ca:01 657575                     /home/ec2-user/.m2/repository/org/springframework/spring-context/4.2.3.RELEASE/spring-context-4.2.3.RELEASE.jar
7fddd89e5000-7fddd89eb000 r--s 00036000 ca:01 657589                     /home/ec2-user/.m2/repository/org/apache/tomcat/embed/tomcat-embed-websocket/8.0.28/tomcat-embed-websocket-8.0.28.jar
7fddd89eb000-7fddd89f3000 r--s 00040000 ca:01 657537                     /home/ec2-user/.m2/repository/org/springframework/cloud/spring-cloud-netflix-core/1.1.0.M3/spring-cloud-netflix-core-1.1.0.M3.jar
7fddd89f3000-7fddd89f5000 r--s 00002000 ca:01 528735                     /home/ec2-user/.m2/repository/com/netflix/netflix-commons/netflix-statistics/0.1.1/netflix-statistics-0.1.1.jar
7fddd89f5000-7fddd89f8000 r--s 0000a000 ca:01 657531                     /home/ec2-user/.m2/repository/org/springframework/cloud/spring-cloud-commons/1.1.0.M3/spring-cloud-commons-1.1.0.M3.jar
7fddd89f8000-7fddd89fa000 r--s 00005000 ca:01 529747                     /home/ec2-user/.m2/repository/xpp3/xpp3_min/1.1.4c/xpp3_min-1.1.4c.jar
7fddd89fa000-7fddd8a11000 r--s 0009e000 ca:01 657573                     /home/ec2-user/.m2/repository/org/springframework/boot/spring-boot-autoconfigure/1.3.0.RELEASE/spring-boot-autoconfigure-1.3.0.RELEASE.jar
7fddd8a11000-7fddd8a1f000 r--s 0007f000 ca:01 656629                     /home/ec2-user/.m2/repository/commons-collections/commons-collections/3.2.1/commons-collections-3.2.1.jar
7fddd8a1f000-7fddd8a28000 r--s 00057000 ca:01 657591                     /home/ec2-user/.m2/repository/com/netflix/eureka/eureka-client/1.3.4/eureka-client-1.3.4.jar
7fddd8a28000-7fddd8a2a000 r--s 00027000 ca:01 528706                     /home/ec2-user/.m2/repository/io/netty/netty-buffer/4.0.25.Final/netty-buffer-4.0.25.Final.jar
7fddd8a2a000-7fddd8a2c000 r--s 00003000 ca:01 529669                     /home/ec2-user/.m2/repository/com/sun/jersey/contribs/jersey-apache-client4/1.19/jersey-apache-client4-1.19.jar
7fddd8a2c000-7fddd8a6a000 r--s 003a2000 ca:01 529646                     /home/ec2-user/.m2/repository/com/netflix/eureka/eureka2-client-shaded/2.0.0-rc.2/eureka2-client-shaded-2.0.0-rc.2.jar
7fddd8a6a000-7fddd8a74000 r--s 00061000 ca:01 529665                     /home/ec2-user/.m2/repository/com/sun/jersey/jersey-core/1.19/jersey-core-1.19.jar
7fddd8a74000-7fddd8a7a000 r--s 0003c000 ca:01 529618                     /home/ec2-user/.m2/repository/org/yaml/snakeyaml/1.16/snakeyaml-1.16.jar
7fddd8a7a000-7fddd8a80000 r--s 00048000 ca:01 528679                     /home/ec2-user/.m2/repository/org/apache/commons/commons-lang3/3.1/commons-lang3-3.1.jar
7fddd8a80000-7fddd8a81000 r--s 00000000 ca:01 657536                     /home/ec2-user/.m2/repository/org/springframework/cloud/spring-cloud-starter-ribbon/1.1.0.M3/spring-cloud-starter-ribbon-1.1.0.M3.jar
7fddd8a81000-7fddd8a8b000 r--s 00059000 ca:01 529732                     /home/ec2-user/.m2/repository/io/reactivex/rxnetty/0.4.9/rxnetty-0.4.9.jar
7fddd8a8b000-7fddd8a98000 r--s 000a6000 ca:01 529673                     /home/ec2-user/.m2/repository/org/apache/httpcomponents/httpclient/4.5.1/httpclient-4.5.1.jar
7fddd8a98000-7fddd8a9c000 r--s 0000f000 ca:01 528716                     /home/ec2-user/.m2/repository/com/google/code/findbugs/annotations/2.0.0/annotations-2.0.0.jar
7fddd8a9c000-7fddd8aaa000 r--s 000a5000 ca:01 657571                     /home/ec2-user/.m2/repository/org/springframework/spring-beans/4.2.3.RELEASE/spring-beans-4.2.3.RELEASE.jar
7fddd8aaa000-7fddd8aab000 r--s 00000000 ca:01 657526                     /home/ec2-user/.m2/repository/org/springframework/boot/spring-boot-starter/1.3.0.RELEASE/spring-boot-starter-1.3.0.RELEASE.jar
7fddd8aab000-7fddd8aad000 r--s 00000000 ca:01 527401                     /home/ec2-user/.m2/repository/org/slf4j/jul-to-slf4j/1.7.13/jul-to-slf4j-1.7.13.jar
7fddd8aad000-7fddd8ab1000 r--s 00011000 ca:01 657529                     /home/ec2-user/.m2/repository/org/springframework/cloud/spring-cloud-context/1.1.0.M3/spring-cloud-context-1.1.0.M3.jar
7fddd8ab1000-7fddd8ac2000 r--s 0009a000 ca:01 529643                     /home/ec2-user/.m2/repository/org/hibernate/hibernate-validator/5.2.2.Final/hibernate-validator-5.2.2.Final.jar
7fddd8ac2000-7fddd8ac6000 r--s 00011000 ca:01 529733                     /home/ec2-user/.m2/repository/com/netflix/ribbon/ribbon-core/2.1.0/ribbon-core-2.1.0.jar
7fddd8ac6000-7fddd8ac7000 r--s 00000000 ca:01 657551                     /home/ec2-user/.m2/repository/org/springframework/boot/spring-boot-starter-tomcat/1.3.0.RELEASE/spring-boot-starter-tomcat-1.3.0.RELEASE.jar
7fddd8ac7000-7fddd8ac9000 r--s 00009000 ca:01 529607                     /home/ec2-user/.m2/repository/org/springframework/security/spring-security-crypto/4.0.3.RELEASE/spring-security-crypto-4.0.3.RELEASE.jar
7fddd8ac9000-7fddd8aca000 r--s 00001000 ca:01 529746                     /home/ec2-user/.m2/repository/xmlpull/xmlpull/1.1.3.1/xmlpull-1.1.3.1.jar
7fddd8aca000-7fddd8acb000 r--s 00005000 ca:01 529743                     /home/ec2-user/.m2/repository/com/netflix/ribbon/ribbon-eureka/2.1.0/ribbon-eureka-2.1.0.jar
7fddd8acb000-7fddd8acd000 r--s 0000c000 ca:01 529701                     /home/ec2-user/.m2/repository/org/ow2/asm/asm/5.0.4/asm-5.0.4.jar
7fddd8acd000-7fddd8acf000 r--s 0000e000 ca:01 529647                     /home/ec2-user/.m2/repository/com/fasterxml/classmate/1.1.0/classmate-1.1.0.jar
7fddd8acf000-7fddd8ad0000 r--s 00000000 ca:01 657527                     /home/ec2-user/.m2/repository/org/springframework/cloud/spring-cloud-starter/1.1.0.M3/spring-cloud-starter-1.1.0.M3.jar
7fddd8ad0000-7fddd8ad3000 r--s 0001e000 ca:01 529667                     /home/ec2-user/.m2/repository/com/sun/jersey/jersey-client/1.19/jersey-client-1.19.jar
7fddd8ad3000-7fddd8ad7000 r--s 0001e000 ca:01 657607                     /home/ec2-user/.m2/repository/com/netflix/archaius/archaius-core/0.7.1/archaius-core-0.7.1.jar
7fddd8ad7000-7fddd8ad9000 r--s 00003000 ca:01 657835                     /home/ec2-user/.m2/repository/com/netflix/hystrix/hystrix-metrics-event-stream/1.4.20/hystrix-metrics-event-stream-1.4.20.jar
7fddd8ad9000-7fddd8ada000 r--s 00005000 ca:01 527404                     /home/ec2-user/.m2/repository/org/slf4j/log4j-over-slf4j/1.7.13/log4j-over-slf4j-1.7.13.jar
7fddd8ada000-7fddd8ae0000 r--s 00046000 ca:01 528709                     /home/ec2-user/.m2/repository/io/netty/netty-transport/4.0.25.Final/netty-transport-4.0.25.Final.jar
7fddd8ae0000-7fddd8ae4000 r--s 00027000 ca:01 529663                     /home/ec2-user/.m2/repository/com/netflix/servo/servo-internal/0.10.0/servo-internal-0.10.0.jar
7fddd8ae4000-7fddd8af5000 r--s 000c5000 ca:01 657557                     /home/ec2-user/.m2/repository/org/springframework/spring-webmvc/4.2.3.RELEASE/spring-webmvc-4.2.3.RELEASE.jar
7fddd8af5000-7fddd8af6000 r--s 00000000 ca:01 657731                     /home/ec2-user/.m2/repository/org/springframework/cloud/spring-cloud-starter-eureka/1.1.0.M3/spring-cloud-starter-eureka-1.1.0.M3.jar
7fddd8af6000-7fddd8af7000 r--s 00000000 ca:01 657547                     /home/ec2-user/.m2/repository/org/springframework/boot/spring-boot-starter-web/1.3.0.RELEASE/spring-boot-starter-web-1.3.0.RELEASE.jar
7fddd8af7000-7fddd8af9000 r--s 00005000 ca:01 529655                     /home/ec2-user/.m2/repository/stax/stax-api/1.0.1/stax-api-1.0.1.jar
7fddd8af9000-7fddd8afb000 r--s 0000f000 ca:01 529645                     /home/ec2-user/.m2/repository/org/jboss/logging/jboss-logging/3.3.0.Final/jboss-logging-3.3.0.Final.jar
7fddd8afb000-7fddd8b0c000 r--s 0010d000 ca:01 657611                     /home/ec2-user/.m2/repository/com/fasterxml/jackson/core/jackson-databind/2.6.3/jackson-databind-2.6.3.jar
7fddd8b0c000-7fddd8b0d000 r--s 00000000 ca:01 657556                     /home/ec2-user/.m2/repository/org/springframework/boot/spring-boot-starter-validation/1.3.0.RELEASE/spring-boot-starter-validation-1.3.0.RELEASE.jar
7fddd8b0d000-7fddd8b0f000 r--s 0000f000 ca:01 655887                     /home/ec2-user/.m2/repository/com/netflix/netflix-commons/netflix-eventbus/0.1.2/netflix-eventbus-0.1.2.jar
7fddd8b0f000-7fddd8b12000 r--s 00023000 ca:01 529738                     /home/ec2-user/.m2/repository/com/netflix/ribbon/ribbon-loadbalancer/2.1.0/ribbon-loadbalancer-2.1.0.jar
7fddd8b12000-7fddd8b15000 r--s 00009000 ca:01 657609                     /home/ec2-user/.m2/repository/com/fasterxml/jackson/core/jackson-annotations/2.6.3/jackson-annotations-2.6.3.jar
7fddd8b15000-7fddd8b21000 r--s 0006a000 ca:01 529745                     /home/ec2-user/.m2/repository/com/thoughtworks/xstream/xstream/1.4.2/xstream-1.4.2.jar
7fddd8b21000-7fddd8b23000 r--s 00003000 ca:01 527397                     /home/ec2-user/.m2/repository/org/slf4j/jcl-over-slf4j/1.7.13/jcl-over-slf4j-1.7.13.jar
7fddd8b23000-7fddd8b48000 r--s 0028c000 ca:01 657528                     /home/ec2-user/.m2/repository/org/apache/tomcat/embed/tomcat-embed-core/8.0.28/tomcat-embed-core-8.0.28.jar
7fddd8b48000-7fddd8b4c000 r--s 0001f000 ca:01 528697                     /home/ec2-user/.m2/repository/io/netty/netty-codec/4.0.25.Final/netty-codec-4.0.25.Final.jar
7fddd8b4c000-7fddd8b4d000 r--s 00000000 ca:01 528301                     /home/ec2-user/.m2/repository/javax/inject/javax.inject/1/javax.inject-1.jar
7fddd8b4d000-7fddd8b4e000 r--s 00009000 ca:01 657587                     /home/ec2-user/.m2/repository/org/apache/tomcat/embed/tomcat-embed-logging-juli/8.0.28/tomcat-embed-logging-juli-8.0.28.jar
7fddd8b4e000-7fddd8b5b000 r--s 00076000 ca:01 657530                     /home/ec2-user/.m2/repository/org/springframework/boot/spring-boot/1.3.0.RELEASE/spring-boot-1.3.0.RELEASE.jar
7fddd8b5b000-7fddd8b5e000 r--s 00012000 ca:01 529654                     /home/ec2-user/.m2/repository/org/codehaus/jettison/jettison/1.3.7/jettison-1.3.7.jar
7fddd8b5e000-7fddd8b63000 r--s 0001d000 ca:01 657830                     /home/ec2-user/.m2/repository/com/netflix/hystrix/hystrix-javanica/1.4.20/hystrix-javanica-1.4.20.jar
7fddd8b63000-7fddd8b68000 r--s 00036000 ca:01 657585                     /home/ec2-user/.m2/repository/org/apache/tomcat/embed/tomcat-embed-el/8.0.28/tomcat-embed-el-8.0.28.jar
7fddd8b68000-7fddd8b6a000 r--s 0000a000 ca:01 529659                     /home/ec2-user/.m2/repository/javax/ws/rs/jsr311-api/1.1.1/jsr311-api-1.1.1.jar
7fddd8b6a000-7fddd8b6c000 r--s 00003000 ca:01 657593                     /home/ec2-user/.m2/repository/com/netflix/governator/governator-annotations/1.10.4/governator-annotations-1.10.4.jar
7fddd8b6c000-7fddd8b6f000 r--s 00013000 ca:01 529722                     /home/ec2-user/.m2/repository/com/netflix/ribbon/ribbon/2.1.0/ribbon-2.1.0.jar
7fddd8b6f000-7fddd8b74000 r--s 00034000 ca:01 528699                     /home/ec2-user/.m2/repository/io/netty/netty-handler/4.0.25.Final/netty-handler-4.0.25.Final.jar
7fddd8b74000-7fddd8b7d000 r--s 00052000 ca:01 657569                     /home/ec2-user/.m2/repository/org/springframework/spring-aop/4.2.3.RELEASE/spring-aop-4.2.3.RELEASE.jar
7fddd8b7d000-7fddd8b82000 r--s 00041000 ca:01 528717                     /home/ec2-user/.m2/repository/commons-lang/commons-lang/2.6/commons-lang-2.6.jar
7fddd8b82000-7fddd8b86000 r--s 00019000 ca:01 528674                     /home/ec2-user/.m2/repository/org/aspectj/aspectjrt/1.8.7/aspectjrt-1.8.7.jar
7fddd8b86000-7fddd8b98000 r--s 000a8000 ca:01 528736                     /home/ec2-user/.m2/repository/io/reactivex/rxjava/1.0.11/rxjava-1.0.11.jar
7fddd8b98000-7fddd8ba3000 r--s 00065000 ca:01 527407                     /home/ec2-user/.m2/repository/ch/qos/logback/logback-core/1.1.3/logback-core-1.1.3.jar
7fddd8ba3000-7fddd8bab000 r--s 0005f000 ca:01 528647                     /home/ec2-user/.m2/repository/io/netty/netty-codec-http/4.0.25.Final/netty-codec-http-4.0.25.Final.jar
7fddd8bab000-7fddd8bc4000 r--s 001af000 ca:01 528672                     /home/ec2-user/.m2/repository/org/aspectj/aspectjweaver/1.8.7/aspectjweaver-1.8.7.jar
7fddd8bc4000-7fddd8bc7000 r--s 0000b000 ca:01 529726                     /home/ec2-user/.m2/repository/io/reactivex/rxnetty-contexts/0.4.9/rxnetty-contexts-0.4.9.jar
7fddd8bc7000-7fddd8bd8000 r--s 000ab000 ca:01 657567                     /home/ec2-user/.m2/repository/org/springframework/spring-web/4.2.3.RELEASE/spring-web-4.2.3.RELEASE.jar
7fddd8bd8000-7fddd8bdc000 r--s 0001f000 ca:01 655459                     /home/ec2-user/.m2/repository/org/codehaus/plexus/plexus-archiver/2.8.1/plexus-archiver-2.8.1.jar
7fddd8bdc000-7fddd8bde000 r--s 00009000 ca:01 527461                     /home/ec2-user/.m2/repository/org/hamcrest/hamcrest-core/1.3/hamcrest-core-1.3.jar
7fddd8bde000-7fddd8be6000 r--s 00045000 ca:01 527454                     /home/ec2-user/.m2/repository/junit/junit/4.12/junit-4.12.jar
7fddd8be6000-7fddd8bef000 r--s 0006f000 ca:01 528328                     /home/ec2-user/.m2/repository/log4j/log4j/1.2.17/log4j-1.2.17.jar
7fddd8bef000-7fddd8bf1000 r--s 00006000 ca:01 528317                     /home/ec2-user/.m2/repository/org/apache/maven/shared/maven-common-artifact-filters/1.4/maven-common-artifact-filters-1.4.jar
7fddd8bf1000-7fddd8bf3000 r--s 00002000 ca:01 528310                     /home/ec2-user/.m2/repository/org/sonatype/plexus/plexus-cipher/1.4/plexus-cipher-1.4.jar
7fddd8bf3000-7fddd8bf4000 r--s 00006000 ca:01 528307                     /home/ec2-user/.m2/repository/org/sonatype/plexus/plexus-sec-dispatcher/1.3/plexus-sec-dispatcher-1.3.jar
7fddd8bf4000-7fddd8bfa000 r--s 00042000 ca:01 528304                     /home/ec2-user/.m2/repository/org/eclipse/sisu/org.eclipse.sisu.inject/0.0.0.M5/org.eclipse.sisu.inject-0.0.0.M5.jar
7fddd8bfa000-7fddd8bfc000 r--s 00000000 ca:01 527441                     /home/ec2-user/.m2/repository/aopalliance/aopalliance/1.0/aopalliance-1.0.jar
7fddd8bfc000-7fddd8c04000 r--s 00050000 ca:01 528302                     /home/ec2-user/.m2/repository/org/sonatype/sisu/sisu-guice/3.1.0/sisu-guice-3.1.0-no_aop.jar
7fddd8c04000-7fddd8c05000 r--s 00001000 ca:01 528299                     /home/ec2-user/.m2/repository/javax/annotation/jsr250-api/1.0/jsr250-api-1.0.jar
7fddd8c05000-7fddd8c08000 r--s 00008000 ca:01 528296                     /home/ec2-user/.m2/repository/javax/enterprise/cdi-api/1.0/cdi-api-1.0.jar
7fddd8c08000-7fddd8c0c000 r--s 00020000 ca:01 655458                     /home/ec2-user/.m2/repository/org/eclipse/aether/aether-util/1.0.2.v20150114/aether-util-1.0.2.v20150114.jar
7fddd8c0c000-7fddd8c0f000 r--s 0000d000 ca:01 655449                     /home/ec2-user/.m2/repository/org/codehaus/plexus/plexus-interpolation/1.21/plexus-interpolation-1.21.jar
7fddd8c0f000-7fddd8c13000 r--s 00026000 ca:01 655447                     /home/ec2-user/.m2/repository/org/apache/maven/shared/maven-shared-utils/0.7/maven-shared-utils-0.7.jar
7fddd8c13000-7fddd8c14000 r--s 00005000 ca:01 655445                     /home/ec2-user/.m2/repository/org/apache/maven/maven-archiver/2.6/maven-archiver-2.6.jar
7fddd8c14000-7fddd8c16000 r--s 0000e000 ca:01 528267                     /home/ec2-user/.m2/repository/commons-logging/commons-logging/1.2/commons-logging-1.2.jar
7fddd8c16000-7fddd8c2b000 r--s 000f2000 ca:01 657581                     /home/ec2-user/.m2/repository/org/springframework/spring-core/4.2.3.RELEASE/spring-core-4.2.3.RELEASE.jar
7fddd8c2b000-7fddd8c2d000 r--s 0001f000 ca:01 657634                     /home/ec2-user/.m2/repository/org/springframework/boot/spring-boot-loader-tools/1.3.0.RELEASE/spring-boot-loader-tools-1.3.0.RELEASE.jar
7fddd8c2d000-7fddd8c2f000 r--s 0000d000 ca:01 657263                     /home/ec2-user/.m2/repository/org/springframework/boot/spring-boot-maven-plugin/1.3.0.RELEASE/spring-boot-maven-plugin-1.3.0.RELEASE.jar
7fddd8c2f000-7fddd8c34000 r--s 0003c000 ca:01 657558                     /home/ec2-user/.m2/repository/org/springframework/spring-expression/4.2.3.RELEASE/spring-expression-4.2.3.RELEASE.jar
7fddd8c34000-7fddd8c38000 r--s 0000c000 ca:01 527430                     /home/ec2-user/.m2/repository/javax/validation/validation-api/1.1.0.Final/validation-api-1.1.0.Final.jar
7fddd8c38000-7fddd8c39000 r--s 00000000 ca:01 657559                     /home/ec2-user/.m2/repository/org/springframework/boot/spring-boot-starter-actuator/1.3.0.RELEASE/spring-boot-starter-actuator-1.3.0.RELEASE.jar
7fddd8c39000-7fddd8c41000 r--s 0005f000 ca:01 528704                     /home/ec2-user/.m2/repository/io/netty/netty-common/4.0.25.Final/netty-common-4.0.25.Final.jar
7fddd8c41000-7fddd8c43000 r--s 00006000 ca:01 529727                     /home/ec2-user/.m2/repository/io/reactivex/rxnetty-servo/0.4.9/rxnetty-servo-0.4.9.jar
7fddd8c43000-7fddd8c45000 r--s 00007000 ca:01 527400                     /home/ec2-user/.m2/repository/org/slf4j/slf4j-api/1.7.13/slf4j-api-1.7.13.jar
7fddd8c45000-7fddd8c4c000 r--s 0003a000 ca:01 529676                     /home/ec2-user/.m2/repository/commons-codec/commons-codec/1.9/commons-codec-1.9.jar
7fddd8c4c000-7fddd8c4d000 r--s 00000000 ca:01 657831                     /home/ec2-user/.m2/repository/org/springframework/cloud/spring-cloud-starter-hystrix/1.1.0.M3/spring-cloud-starter-hystrix-1.1.0.M3.jar
7fddd8c4d000-7fddd8c51000 r--s 0002a000 ca:01 528746                     /home/ec2-user/.m2/repository/commons-io/commons-io/2.4/commons-io-2.4.jar
7fddd8c51000-7fddd8c52000 r--s 00009000 ca:01 529725                     /home/ec2-user/.m2/repository/com/netflix/ribbon/ribbon-transport/2.1.0/ribbon-transport-2.1.0.jar
7fddd8c52000-7fddd8c5f000 r--s 00060000 ca:01 657562                     /home/ec2-user/.m2/repository/org/springframework/boot/spring-boot-actuator/1.3.0.RELEASE/spring-boot-actuator-1.3.0.RELEASE.jar
7fddd8c5f000-7fddd8c65000 r--s 0003f000 ca:01 527405                     /home/ec2-user/.m2/repository/ch/qos/logback/logback-classic/1.1.3/logback-classic-1.1.3.jar
7fddd8c65000-7fddd8c66000 r--s 00000000 ca:01 657544                     /home/ec2-user/.m2/repository/org/springframework/boot/spring-boot-starter-logging/1.3.0.RELEASE/spring-boot-starter-logging-1.3.0.RELEASE.jar
7fddd8c66000-7fddd8c74000 r--s 00096000 ca:01 529678                     /home/ec2-user/.m2/repository/com/google/inject/guice/4.0/guice-4.0.jar
7fddd8c74000-7fddd8c7b000 r--s 00050000 ca:01 528710                     /home/ec2-user/.m2/repository/commons-configuration/commons-configuration/1.8/commons-configuration-1.8.jar
7fddd8c7b000-7fddd8c7d000 r--s 0000f000 ca:01 528702                     /home/ec2-user/.m2/repository/io/netty/netty-transport-native-epoll/4.0.25.Final/netty-transport-native-epoll-4.0.25.Final.jar
7fddd8c7d000-7fddd8c81000 r--s 0003c000 ca:01 657614                     /home/ec2-user/.m2/repository/com/fasterxml/jackson/core/jackson-core/2.6.3/jackson-core-2.6.3.jar
7fddd8c81000-7fddd8c82000 r--s 00000000 ca:01 657829                     /home/ec2-user/.m2/repository/org/springframework/cloud/spring-cloud-starter-zuul/1.1.0.M3/spring-cloud-starter-zuul-1.1.0.M3.jar
7fddd8c82000-7fddd8c83000 r--s 00001000 ca:01 528741                     /home/ec2-user/.m2/repository/com/netflix/netflix-commons/netflix-commons-util/0.1.1/netflix-commons-util-0.1.1.jar
7fddd8c83000-7fddd8c86000 ---p 00000000 00:00 0 
7fddd8c86000-7fddd8d84000 rw-p 00000000 00:00 0                          [stack:4003]
7fddd8d84000-7fddd8daf000 r--s 001fc000 ca:01 528676                     /home/ec2-user/.m2/repository/com/google/guava/guava/18.0/guava-18.0.jar
7fddd8daf000-7fddd8db0000 r--s 00008000 ca:01 528369                     /home/ec2-user/.m2/repository/asm/asm-util/3.2/asm-util-3.2.jar
7fddd8db0000-7fddd8db1000 r--s 00004000 ca:01 528368                     /home/ec2-user/.m2/repository/asm/asm-analysis/3.2/asm-analysis-3.2.jar
7fddd8db1000-7fddd8db4000 r--s 00013000 ca:01 528363                     /home/ec2-user/.m2/repository/commons-io/commons-io/1.3.2/commons-io-1.3.2.jar
7fddd8db4000-7fddd8db5000 r--s 00002000 ca:01 528362                     /home/ec2-user/.m2/repository/org/vafer/jdependency/0.7/jdependency-0.7.jar
7fddd8db5000-7fddd8db8000 r--s 0000c000 ca:01 528361                     /home/ec2-user/.m2/repository/org/apache/maven/shared/maven-dependency-tree/2.1/maven-dependency-tree-2.1.jar
7fddd8db8000-7fddd8dbb000 r--s 00023000 ca:01 528360                     /home/ec2-user/.m2/repository/org/jdom/jdom/1.1/jdom-1.1.jar
7fddd8dbb000-7fddd8dbd000 r--s 00004000 ca:01 528355                     /home/ec2-user/.m2/repository/asm/asm-tree/3.3.1/asm-tree-3.3.1.jar
7fddd8dbd000-7fddd8dbf000 r--s 00008000 ca:01 528354                     /home/ec2-user/.m2/repository/asm/asm-commons/3.3.1/asm-commons-3.3.1.jar
7fddd8dbf000-7fddd8dc0000 r--s 0000a000 ca:01 528353                     /home/ec2-user/.m2/repository/asm/asm/3.3.1/asm-3.3.1.jar
7fddd8dc0000-7fddd8dcb000 r--s 00069000 ca:01 528347                     /home/ec2-user/.m2/repository/org/sonatype/sisu/sisu-guice/2.1.7/sisu-guice-2.1.7-noaop.jar
7fddd8dcb000-7fddd8dd0000 r--s 00021000 ca:01 528346                     /home/ec2-user/.m2/repository/org/sonatype/sisu/sisu-inject-bean/1.4.2/sisu-inject-bean-1.4.2.jar
7fddd8dd0000-7fddd8dd2000 r--s 00017000 ca:01 528340                     /home/ec2-user/.m2/repository/org/apache/maven/plugins/maven-shade-plugin/2.2/maven-shade-plugin-2.2.jar
7fddd8dd2000-7fddd8dd6000 r--s 00038000 ca:01 655468                     /home/ec2-user/.m2/repository/org/codehaus/plexus/plexus-utils/3.0.20/plexus-utils-3.0.20.jar
7fddd8dd6000-7fddd8ddd000 r--s 00056000 ca:01 655466                     /home/ec2-user/.m2/repository/org/apache/commons/commons-compress/1.9/commons-compress-1.9.jar
7fddd8ddd000-7fddd8de1000 r--s 0000f000 ca:01 655461                     /home/ec2-user/.m2/repository/org/codehaus/plexus/plexus-io/2.3.2/plexus-io-2.3.2.jar
7fddd8de1000-7fddd8de4000 r--s 0001b000 ca:01 527949                     /home/ec2-user/.m2/repository/junit/junit/3.8.2/junit-3.8.2.jar
7fddd8de4000-7fddd8df2000 r--s 0008f000 ca:01 527948                     /home/ec2-user/.m2/repository/com/google/collections/google-collections/1.0/google-collections-1.0.jar
7fddd8df2000-7fddd8df3000 r--s 0000a000 ca:01 527944                     /home/ec2-user/.m2/repository/commons-logging/commons-logging-api/1.1/commons-logging-api-1.1.jar
7fddd8df3000-7fddd8dfa000 r--s 00051000 ca:01 527942                     /home/ec2-user/.m2/repository/log4j/log4j/1.2.12/log4j-1.2.12.jar
7fddd8dfa000-7fddd8dfe000 r--s 0001d000 ca:01 527941                     /home/ec2-user/.m2/repository/org/apache/xbean/xbean-reflect/3.4/xbean-reflect-3.4.jar
7fddd8dfe000-7fddd8e00000 r--s 00000000 ca:01 527934                     /home/ec2-user/.m2/repository/org/codehaus/plexus/plexus-compiler-manager/2.2/plexus-compiler-manager-2.2.jar
7fddd8e00000-7fddd9000000 rw-p 00000000 00:00 0 
7fddd9000000-7fddda0e0000 rwxp 00000000 00:00 0 
7fddda0e0000-7fdde8000000 ---p 00000000 00:00 0 
7fdde8000000-7fdde8a70000 rw-p 00000000 00:00 0 
7fdde8a70000-7fddec000000 ---p 00000000 00:00 0 
7fddec000000-7fddec001000 r--s 00004000 ca:01 527935                     /home/ec2-user/.m2/repository/org/codehaus/plexus/plexus-compiler-javac/2.2/plexus-compiler-javac-2.2.jar
7fddec001000-7fddec003000 r--s 00005000 ca:01 527932                     /home/ec2-user/.m2/repository/org/codehaus/plexus/plexus-compiler-api/2.2/plexus-compiler-api-2.2.jar
7fddec003000-7fddec005000 r--s 00000000 ca:01 527929                     /home/ec2-user/.m2/repository/org/codehaus/plexus/plexus-component-annotations/1.5.5/plexus-component-annotations-1.5.5.jar
7fddec005000-7fddec007000 r--s 00002000 ca:01 527927                     /home/ec2-user/.m2/repository/org/apache/maven/shared/maven-shared-incremental/1.1/maven-shared-incremental-1.1.jar
7fddec007000-7fddec009000 r--s 00006000 ca:01 527925                     /home/ec2-user/.m2/repository/com/google/code/findbugs/jsr305/2.0.1/jsr305-2.0.1.jar
7fddec009000-7fddec00c000 r--s 00023000 ca:01 527922                     /home/ec2-user/.m2/repository/org/apache/maven/shared/maven-shared-utils/0.1/maven-shared-utils-0.1.jar
7fddec00c000-7fddec010000 r--s 00030000 ca:01 527894                     /home/ec2-user/.m2/repository/org/codehaus/plexus/plexus-utils/1.5.1/plexus-utils-1.5.1.jar
7fddec010000-7fddec012000 r--s 00009000 ca:01 527223                     /home/ec2-user/.m2/repository/org/apache/maven/plugins/maven-compiler-plugin/3.1/maven-compiler-plugin-3.1.jar
7fddec012000-7fddec014000 r--s 0000d000 ca:01 527662                     /home/ec2-user/.m2/repository/org/codehaus/plexus/plexus-interpolation/1.13/plexus-interpolation-1.13.jar
7fddec014000-7fddec015000 r--s 00001000 ca:01 527658                     /home/ec2-user/.m2/repository/org/sonatype/plexus/plexus-build-api/0.0.4/plexus-build-api-0.0.4.jar
7fddec015000-7fddec017000 r--s 00009000 ca:01 527656                     /home/ec2-user/.m2/repository/org/apache/maven/shared/maven-filtering/1.1/maven-filtering-1.1.jar
7fddec017000-7fddec01b000 r--s 00033000 ca:01 527619                     /home/ec2-user/.m2/repository/org/codehaus/plexus/plexus-utils/2.0.5/plexus-utils-2.0.5.jar
7fddec01b000-7fddec01e000 r--s 0001b000 ca:01 527613                     /home/ec2-user/.m2/repository/junit/junit/3.8.1/junit-3.8.1.jar
7fddec01e000-7fddec020000 r--s 00002000 ca:01 527638                     /home/ec2-user/.m2/repository/org/codehaus/plexus/plexus-interactivity-api/1.0-alpha-4/plexus-interactivity-api-1.0-alpha-4.jar
7fddec020000-7fddec022000 r--s 00006000 ca:01 527636                     /home/ec2-user/.m2/repository/commons-cli/commons-cli/1.0/commons-cli-1.0.jar
7fddec022000-7fddec023000 r--s 00001000 ca:01 527628                     /home/ec2-user/.m2/repository/org/apache/maven/doxia/doxia-sink-api/1.0-alpha-7/doxia-sink-api-1.0-alpha-7.jar
7fddec023000-7fddec024000 r--s 00002000 ca:01 527627                     /home/ec2-user/.m2/repository/org/apache/maven/reporting/maven-reporting-api/2.0.6/maven-reporting-api-2.0.6.jar
7fddec024000-7fddec026000 r--s 00006000 ca:01 527209                     /home/ec2-user/.m2/repository/org/apache/maven/plugins/maven-resources-plugin/2.6/maven-resources-plugin-2.6.jar
7fddec026000-7fddec226000 rw-p 00000000 00:00 0 
7fddec226000-7fddec237000 r-xp 00000000 ca:01 416073                     /usr/java/jdk1.8.0_71/jre/lib/amd64/libnio.so
7fddec237000-7fddec436000 ---p 00011000 ca:01 416073                     /usr/java/jdk1.8.0_71/jre/lib/amd64/libnio.so
7fddec436000-7fddec437000 rw-p 00010000 ca:01 416073                     /usr/java/jdk1.8.0_71/jre/lib/amd64/libnio.so
7fddec437000-7fddec44d000 r-xp 00000000 ca:01 416020                     /usr/java/jdk1.8.0_71/jre/lib/amd64/libnet.so
7fddec44d000-7fddec64d000 ---p 00016000 ca:01 416020                     /usr/java/jdk1.8.0_71/jre/lib/amd64/libnet.so
7fddec64d000-7fddec64e000 rw-p 00016000 ca:01 416020                     /usr/java/jdk1.8.0_71/jre/lib/amd64/libnet.so
7fddec64e000-7fddec652000 r--s 00097000 ca:01 415987                     /usr/java/jdk1.8.0_71/jre/lib/jsse.jar
7fddec652000-7fddec852000 rw-p 00000000 00:00 0 
7fddec852000-7fddeca52000 rw-p 00000000 00:00 0 
7fddeca52000-7fddeca56000 r--s 00027000 ca:01 416318                     /usr/maven/apache-maven-3.3.9/lib/commons-io-2.2.jar
7fddeca56000-7fddeca5a000 r--s 00020000 ca:01 416306                     /usr/maven/apache-maven-3.3.9/lib/aether-util-1.0.2.v20150114.jar
7fddeca5a000-7fddeca60000 r--s 00042000 ca:01 416316                     /usr/maven/apache-maven-3.3.9/lib/jsoup-1.7.2.jar
7fddeca60000-7fddeca61000 r--s 00001000 ca:01 416298                     /usr/maven/apache-maven-3.3.9/lib/jsr250-api-1.0.jar
7fddeca61000-7fddeca8c000 r--s 001fc000 ca:01 416302                     /usr/maven/apache-maven-3.3.9/lib/guava-18.0.jar
7fddeca8c000-7fddeca99000 r--s 0008f000 ca:01 416284                     /usr/maven/apache-maven-3.3.9/lib/maven-core-3.3.9.jar
7fddeca99000-7fddeca9b000 r--s 0000a000 ca:01 416295                     /usr/maven/apache-maven-3.3.9/lib/maven-plugin-api-3.3.9.jar
7fddeca9b000-7fddeca9d000 r--s 00000000 ca:01 416309                     /usr/maven/apache-maven-3.3.9/lib/aopalliance-1.0.jar
7fddeca9d000-7fddeca9f000 r--s 00006000 ca:01 416305                     /usr/maven/apache-maven-3.3.9/lib/aether-spi-1.0.2.v20150114.jar
7fddeca9f000-7fddecaa1000 r--s 0000c000 ca:01 416294                     /usr/maven/apache-maven-3.3.9/lib/maven-artifact-3.3.9.jar
7fddecaa1000-7fddecaa9000 r--s 00055000 ca:01 416300                     /usr/maven/apache-maven-3.3.9/lib/org.eclipse.sisu.inject-0.3.2.jar
7fddecaa9000-7fddecaaa000 r--s 00008000 ca:01 416320                     /usr/maven/apache-maven-3.3.9/lib/aether-connector-basic-1.0.2.v20150114.jar
7fddecaaa000-7fddecaaf000 r--s 00041000 ca:01 416317                     /usr/maven/apache-maven-3.3.9/lib/commons-lang-2.6.jar
7fddecaaf000-7fddecab0000 r--s 00002000 ca:01 416315                     /usr/maven/apache-maven-3.3.9/lib/wagon-http-shared-2.10.jar
7fddecab0000-7fddecab9000 r--s 0005f000 ca:01 416308                     /usr/maven/apache-maven-3.3.9/lib/guice-4.0-no_aop.jar
7fddecab9000-7fddecabb000 r--s 00009000 ca:01 416313                     /usr/maven/apache-maven-3.3.9/lib/commons-cli-1.2.jar
7fddecabb000-7fddecabe000 r--s 00013000 ca:01 416280                     /usr/maven/apache-maven-3.3.9/lib/maven-embedder-3.3.9.jar
7fddecabe000-7fddecabf000 r--s 00002000 ca:01 416319                     /usr/maven/apache-maven-3.3.9/lib/wagon-file-2.10.jar
7fddecabf000-7fddecac0000 r--s 00003000 ca:01 416288                     /usr/maven/apache-maven-3.3.9/lib/maven-builder-support-3.3.9.jar
7fddecac0000-7fddecac1000 r--s 00002000 ca:01 416322                     /usr/maven/apache-maven-3.3.9/lib/slf4j-simple-1.7.5.jar
7fddecac1000-7fddecac6000 r--s 0001d000 ca:01 416304                     /usr/maven/apache-maven-3.3.9/lib/aether-api-1.0.2.v20150114.jar
7fddecac6000-7fddecacb000 r--s 00027000 ca:01 416301                     /usr/maven/apache-maven-3.3.9/lib/maven-model-builder-3.3.9.jar
7fddecacb000-7fddecace000 r--s 00008000 ca:01 416297                     /usr/maven/apache-maven-3.3.9/lib/cdi-api-1.0.jar
7fddecace000-7fddecafc000 r--s 001fa000 ca:01 416314                     /usr/maven/apache-maven-3.3.9/lib/wagon-http-2.10-shaded.jar
7fddecafc000-7fddecafe000 r--s 00009000 ca:01 416287                     /usr/maven/apache-maven-3.3.9/lib/maven-settings-builder-3.3.9.jar
7fddecafe000-7fddecb01000 r--s 0000b000 ca:01 416311                     /usr/maven/apache-maven-3.3.9/lib/wagon-provider-api-2.10.jar
7fddecb01000-7fddecb02000 r--s 00006000 ca:01 416293                     /usr/maven/apache-maven-3.3.9/lib/maven-repository-metadata-3.3.9.jar
7fddecb02000-7fddecb04000 r--s 0000f000 ca:01 416303                     /usr/maven/apache-maven-3.3.9/lib/maven-aether-provider-3.3.9.jar
7fddecb04000-7fddecb07000 r--s 0000d000 ca:01 416289                     /usr/maven/apache-maven-3.3.9/lib/plexus-interpolation-1.21.jar
7fddecb07000-7fddecb09000 r--s 00000000 ca:01 416290                     /usr/maven/apache-maven-3.3.9/lib/plexus-component-annotations-1.6.jar
7fddecb09000-7fddecb10000 r--s 00064000 ca:01 416286                     /usr/maven/apache-maven-3.3.9/lib/commons-lang3-3.4.jar
7fddecb10000-7fddecb14000 r--s 00038000 ca:01 416283                     /usr/maven/apache-maven-3.3.9/lib/plexus-utils-3.0.22.jar
7fddecb14000-7fddecb15000 ---p 00000000 00:00 0 
7fddecb15000-7fddecc15000 rw-p 00000000 00:00 0                          [stack:4002]
7fddecc15000-7fddecc18000 ---p 00000000 00:00 0 
7fddecc18000-7fddecd16000 rw-p 00000000 00:00 0                          [stack:4001]
7fddecd16000-7fddecd19000 ---p 00000000 00:00 0 
7fddecd19000-7fddece17000 rw-p 00000000 00:00 0                          [stack:4000]
7fddece17000-7fddece1a000 ---p 00000000 00:00 0 
7fddece1a000-7fddecf18000 rw-p 00000000 00:00 0                          [stack:3999]
7fddecf18000-7fddecf1b000 ---p 00000000 00:00 0 
7fddecf1b000-7fdded019000 rw-p 00000000 00:00 0                          [stack:3998]
7fdded019000-7fdded01c000 ---p 00000000 00:00 0 
7fdded01c000-7fdded11a000 rw-p 00000000 00:00 0                          [stack:3997]
7fdded11a000-7fdded11d000 ---p 00000000 00:00 0 
7fdded11d000-7fdded21b000 rw-p 00000000 00:00 0                          [stack:3996]
7fdded21b000-7fdded21c000 ---p 00000000 00:00 0 
7fdded21c000-7fdded36b000 rw-p 00000000 00:00 0                          [stack:3995]
7fdded36b000-7fdded543000 r--s 03d23000 ca:01 415849                     /usr/java/jdk1.8.0_71/jre/lib/rt.jar
7fdded543000-7fddede3c000 rw-p 00000000 00:00 0 
7fddede3c000-7fddede80000 rw-p 00000000 00:00 0 
7fddede80000-7fddee1fc000 ---p 00000000 00:00 0 
7fddee1fc000-7fddee216000 r-xp 00000000 ca:01 416040                     /usr/java/jdk1.8.0_71/jre/lib/amd64/libzip.so
7fddee216000-7fddee416000 ---p 0001a000 ca:01 416040                     /usr/java/jdk1.8.0_71/jre/lib/amd64/libzip.so
7fddee416000-7fddee417000 rw-p 0001a000 ca:01 416040                     /usr/java/jdk1.8.0_71/jre/lib/amd64/libzip.so
7fddee417000-7fddee422000 r-xp 00000000 ca:01 396493                     /lib64/libnss_files-2.17.so
7fddee422000-7fddee621000 ---p 0000b000 ca:01 396493                     /lib64/libnss_files-2.17.so
7fddee621000-7fddee622000 r--p 0000a000 ca:01 396493                     /lib64/libnss_files-2.17.so
7fddee622000-7fddee623000 rw-p 0000b000 ca:01 396493                     /lib64/libnss_files-2.17.so
7fddee623000-7fddee64d000 r-xp 00000000 ca:01 416033                     /usr/java/jdk1.8.0_71/jre/lib/amd64/libjava.so
7fddee64d000-7fddee84d000 ---p 0002a000 ca:01 416033                     /usr/java/jdk1.8.0_71/jre/lib/amd64/libjava.so
7fddee84d000-7fddee84f000 rw-p 0002a000 ca:01 416033                     /usr/java/jdk1.8.0_71/jre/lib/amd64/libjava.so
7fddee84f000-7fddee85c000 r-xp 00000000 ca:01 416024                     /usr/java/jdk1.8.0_71/jre/lib/amd64/libverify.so
7fddee85c000-7fddeea5c000 ---p 0000d000 ca:01 416024                     /usr/java/jdk1.8.0_71/jre/lib/amd64/libverify.so
7fddeea5c000-7fddeea5e000 rw-p 0000d000 ca:01 416024                     /usr/java/jdk1.8.0_71/jre/lib/amd64/libverify.so
7fddeea5e000-7fddeea65000 r-xp 00000000 ca:01 396505                     /lib64/librt-2.17.so
7fddeea65000-7fddeec64000 ---p 00007000 ca:01 396505                     /lib64/librt-2.17.so
7fddeec64000-7fddeec65000 r--p 00006000 ca:01 396505                     /lib64/librt-2.17.so
7fddeec65000-7fddeec66000 rw-p 00007000 ca:01 396505                     /lib64/librt-2.17.so
7fddeec66000-7fddeed67000 r-xp 00000000 ca:01 396483                     /lib64/libm-2.17.so
7fddeed67000-7fddeef66000 ---p 00101000 ca:01 396483                     /lib64/libm-2.17.so
7fddeef66000-7fddeef67000 r--p 00100000 ca:01 396483                     /lib64/libm-2.17.so
7fddeef67000-7fddeef68000 rw-p 00101000 ca:01 396483                     /lib64/libm-2.17.so
7fddeef68000-7fddefc27000 r-xp 00000000 ca:01 416038                     /usr/java/jdk1.8.0_71/jre/lib/amd64/server/libjvm.so
7fddefc27000-7fddefe26000 ---p 00cbf000 ca:01 416038                     /usr/java/jdk1.8.0_71/jre/lib/amd64/server/libjvm.so
7fddefe26000-7fddefeff000 rw-p 00cbe000 ca:01 416038                     /usr/java/jdk1.8.0_71/jre/lib/amd64/server/libjvm.so
7fddefeff000-7fddeff48000 rw-p 00000000 00:00 0 
7fddeff48000-7fddf00ff000 r-xp 00000000 ca:01 396475                     /lib64/libc-2.17.so
7fddf00ff000-7fddf02ff000 ---p 001b7000 ca:01 396475                     /lib64/libc-2.17.so
7fddf02ff000-7fddf0303000 r--p 001b7000 ca:01 396475                     /lib64/libc-2.17.so
7fddf0303000-7fddf0305000 rw-p 001bb000 ca:01 396475                     /lib64/libc-2.17.so
7fddf0305000-7fddf030a000 rw-p 00000000 00:00 0 
7fddf030a000-7fddf030d000 r-xp 00000000 ca:01 396481                     /lib64/libdl-2.17.so
7fddf030d000-7fddf050c000 ---p 00003000 ca:01 396481                     /lib64/libdl-2.17.so
7fddf050c000-7fddf050d000 r--p 00002000 ca:01 396481                     /lib64/libdl-2.17.so
7fddf050d000-7fddf050e000 rw-p 00003000 ca:01 396481                     /lib64/libdl-2.17.so
7fddf050e000-7fddf0523000 r-xp 00000000 ca:01 415175                     /usr/java/jdk1.8.0_71/lib/amd64/jli/libjli.so
7fddf0523000-7fddf0723000 ---p 00015000 ca:01 415175                     /usr/java/jdk1.8.0_71/lib/amd64/jli/libjli.so
7fddf0723000-7fddf0724000 rw-p 00015000 ca:01 415175                     /usr/java/jdk1.8.0_71/lib/amd64/jli/libjli.so
7fddf0724000-7fddf073a000 r-xp 00000000 ca:01 396501                     /lib64/libpthread-2.17.so
7fddf073a000-7fddf093a000 ---p 00016000 ca:01 396501                     /lib64/libpthread-2.17.so
7fddf093a000-7fddf093b000 r--p 00016000 ca:01 396501                     /lib64/libpthread-2.17.so
7fddf093b000-7fddf093c000 rw-p 00017000 ca:01 396501                     /lib64/libpthread-2.17.so
7fddf093c000-7fddf0940000 rw-p 00000000 00:00 0 
7fddf0940000-7fddf0961000 r-xp 00000000 ca:01 396468                     /lib64/ld-2.17.so
7fddf0961000-7fddf0962000 r--s 00000000 ca:01 416299                     /usr/maven/apache-maven-3.3.9/lib/javax.inject-1.jar
7fddf0962000-7fddf0964000 r--s 00005000 ca:01 416321                     /usr/maven/apache-maven-3.3.9/lib/aether-transport-wagon-1.0.2.v20150114.jar
7fddf0964000-7fddf0965000 r--s 0000a000 ca:01 416282                     /usr/maven/apache-maven-3.3.9/lib/maven-settings-3.3.9.jar
7fddf0965000-7fddf096b000 r--s 00041000 ca:01 416310                     /usr/maven/apache-maven-3.3.9/lib/maven-compat-3.3.9.jar
7fddf096b000-7fddf096d000 r--s 00002000 ca:01 416292                     /usr/maven/apache-maven-3.3.9/lib/plexus-cipher-1.7.jar
7fddf096d000-7fddf0971000 r--s 00027000 ca:01 416307                     /usr/maven/apache-maven-3.3.9/lib/aether-impl-1.0.2.v20150114.jar
7fddf0971000-7fddf0974000 r--s 00026000 ca:01 416285                     /usr/maven/apache-maven-3.3.9/lib/maven-model-3.3.9.jar
7fddf0974000-7fddf097a000 r--s 0002d000 ca:01 416296                     /usr/maven/apache-maven-3.3.9/lib/org.eclipse.sisu.plexus-0.3.2.jar
7fddf097a000-7fddf097c000 r--s 00005000 ca:01 416312                     /usr/maven/apache-maven-3.3.9/lib/slf4j-api-1.7.5.jar
7fddf097c000-7fddf0996000 rw-p 00000000 00:00 0 
7fddf0996000-7fddf09d0000 ---p 00000000 00:00 0 
7fddf09d0000-7fddf09dd000 rw-p 00000000 00:00 0 
7fddf09dd000-7fddf09f9000 ---p 00000000 00:00 0 
7fddf09f9000-7fddf0a13000 rw-p 00000000 00:00 0 
7fddf0a13000-7fddf0a4d000 ---p 00000000 00:00 0 
7fddf0a4d000-7fddf0a4e000 rw-p 00000000 00:00 0 
7fddf0a4e000-7fddf0a56000 rw-s 00000000 ca:01 658184                     /tmp/hsperfdata_ec2-user/3986
7fddf0a56000-7fddf0a59000 ---p 00000000 00:00 0 
7fddf0a59000-7fddf0b5b000 rw-p 00000000 00:00 0                          [stack:3994]
7fddf0b5b000-7fddf0b5c000 r--s 00006000 ca:01 416291                     /usr/maven/apache-maven-3.3.9/lib/plexus-sec-dispatcher-1.3.jar
7fddf0b5c000-7fddf0b5e000 r--s 0000b000 ca:01 416238                     /usr/maven/apache-maven-3.3.9/boot/plexus-classworlds-2.5.2.jar
7fddf0b5e000-7fddf0b5f000 rw-p 00000000 00:00 0 
7fddf0b5f000-7fddf0b60000 ---p 00000000 00:00 0 
7fddf0b60000-7fddf0b61000 rw-p 00000000 00:00 0 
7fddf0b61000-7fddf0b63000 r--p 00021000 ca:01 396468                     /lib64/ld-2.17.so
7fddf0b63000-7fddf0b64000 rw-p 00023000 ca:01 396468                     /lib64/ld-2.17.so
7fddf0b64000-7fddf0b65000 rw-p 00000000 00:00 0 
7fff8554c000-7fff8556d000 rw-p 00000000 00:00 0                          [stack]
7fff85586000-7fff85588000 r--p 00000000 00:00 0                          [vvar]
7fff85588000-7fff8558a000 r-xp 00000000 00:00 0                          [vdso]
ffffffffff600000-ffffffffff601000 r-xp 00000000 00:00 0                  [vsyscall]

VM Arguments:
jvm_args: -Dclassworlds.conf=/usr/maven/apache-maven-3.3.9/bin/m2.conf -Dmaven.home=/usr/maven/apache-maven-3.3.9 -Dmaven.multiModuleProjectDirectory=/apps/zuulGatewaySpringCloud-EurekaInt 
java_command: org.codehaus.plexus.classworlds.launcher.Launcher spring-boot:run
java_class_path (initial): /usr/maven/apache-maven-3.3.9/boot/plexus-classworlds-2.5.2.jar
Launcher Type: SUN_STANDARD

Environment Variables:
JAVA_HOME=/usr/java/jdk1.8.0_71/
PATH=/usr/java/jdk1.8.0_71//bin:/usr/maven/apache-maven-3.3.9/bin:/usr/local/bin:/bin:/usr/bin:/usr/local/sbin:/usr/sbin:/sbin:/opt/aws/bin:/home/ec2-user/.local/bin:/home/ec2-user/bin
SHELL=/bin/bash

Signal Handlers:
SIGSEGV: [libjvm.so+0xabafa0], sa_mask[0]=11111111011111111101111111111110, sa_flags=SA_RESTART|SA_SIGINFO
SIGBUS: [libjvm.so+0xabafa0], sa_mask[0]=11111111011111111101111111111110, sa_flags=SA_RESTART|SA_SIGINFO
SIGFPE: [libjvm.so+0x9183c0], sa_mask[0]=11111111011111111101111111111110, sa_flags=SA_RESTART|SA_SIGINFO
SIGPIPE: [libjvm.so+0x9183c0], sa_mask[0]=11111111011111111101111111111110, sa_flags=SA_RESTART|SA_SIGINFO
SIGXFSZ: [libjvm.so+0x9183c0], sa_mask[0]=11111111011111111101111111111110, sa_flags=SA_RESTART|SA_SIGINFO
SIGILL: [libjvm.so+0x9183c0], sa_mask[0]=11111111011111111101111111111110, sa_flags=SA_RESTART|SA_SIGINFO
SIGUSR1: SIG_DFL, sa_mask[0]=00000000000000000000000000000000, sa_flags=none
SIGUSR2: [libjvm.so+0x9199f0], sa_mask[0]=00000000000000000000000000000000, sa_flags=SA_RESTART|SA_SIGINFO
SIGHUP: [libjvm.so+0x91adf0], sa_mask[0]=11111111011111111101111111111110, sa_flags=SA_RESTART|SA_SIGINFO
SIGINT: [libjvm.so+0x91adf0], sa_mask[0]=11111111011111111101111111111110, sa_flags=SA_RESTART|SA_SIGINFO
SIGTERM: [libjvm.so+0x91adf0], sa_mask[0]=11111111011111111101111111111110, sa_flags=SA_RESTART|SA_SIGINFO
SIGQUIT: [libjvm.so+0x91adf0], sa_mask[0]=11111111011111111101111111111110, sa_flags=SA_RESTART|SA_SIGINFO


---------------  S Y S T E M  ---------------

OS:Amazon Linux AMI release 2015.09

uname:Linux 4.1.7-15.23.amzn1.x86_64 #1 SMP Mon Sep 14 23:20:33 UTC 2015 x86_64
libc:glibc 2.17 NPTL 2.17 
rlimit: STACK 8192k, CORE 0k, NPROC 3911, NOFILE 4096, AS infinity
load average:0.82 0.28 0.15

/proc/meminfo:
MemTotal:        1019456 kB
MemFree:           10816 kB
MemAvailable:      21688 kB
Buffers:             244 kB
Cached:            13476 kB
SwapCached:            0 kB
Active:           958760 kB
Inactive:           5564 kB
Active(anon):     950640 kB
Inactive(anon):      100 kB
Active(file):       8120 kB
Inactive(file):     5464 kB
Unevictable:           0 kB
Mlocked:               0 kB
SwapTotal:             0 kB
SwapFree:              0 kB
Dirty:               208 kB
Writeback:             0 kB
AnonPages:        950608 kB
Mapped:             8844 kB
Shmem:               108 kB
Slab:              23412 kB
SReclaimable:      11856 kB
SUnreclaim:        11556 kB
KernelStack:        3888 kB
PageTables:         6792 kB
NFS_Unstable:          0 kB
Bounce:                0 kB
WritebackTmp:          0 kB
CommitLimit:      509728 kB
Committed_AS:     953700 kB
VmallocTotal:   34359738367 kB
VmallocUsed:        4716 kB
VmallocChunk:   34359726620 kB
AnonHugePages:         0 kB
HugePages_Total:       0
HugePages_Free:        0
HugePages_Rsvd:        0
HugePages_Surp:        0
Hugepagesize:       2048 kB
DirectMap4k:       22528 kB
DirectMap2M:     1026048 kB


CPU:total 1 (1 cores per cpu, 1 threads per core) family 6 model 62 stepping 4, cmov, cx8, fxsr, mmx, sse, sse2, sse3, ssse3, sse4.1, sse4.2, popcnt, avx, aes, clmul, erms, tsc

/proc/cpuinfo:
processor	: 0
vendor_id	: GenuineIntel
cpu family	: 6
model		: 62
model name	: Intel(R) Xeon(R) CPU E5-2670 v2 @ 2.50GHz
stepping	: 4
microcode	: 0x428
cpu MHz		: 2494.074
cache size	: 25600 KB
physical id	: 0
siblings	: 1
core id		: 0
cpu cores	: 1
apicid		: 0
initial apicid	: 0
fpu		: yes
fpu_exception	: yes
cpuid level	: 13
wp		: yes
flags		: fpu vme de pse tsc msr pae mce cx8 apic sep mtrr pge mca cmov pat pse36 clflush mmx fxsr sse sse2 ht syscall nx rdtscp lm constant_tsc rep_good nopl xtopology eagerfpu pni pclmulqdq ssse3 cx16 pcid sse4_1 sse4_2 x2apic popcnt tsc_deadline_timer aes xsave avx f16c rdrand hypervisor lahf_lm fsgsbase smep erms xsaveopt
bugs		:
bogomips	: 4988.14
clflush size	: 64
cache_alignment	: 64
address sizes	: 46 bits physical, 48 bits virtual
power management:



Memory: 4k page, physical 1019456k(10816k free), swap 0k(0k free)

vm_info: Java HotSpot(TM) 64-Bit Server VM (25.71-b15) for linux-amd64 JRE (1.8.0_71-b15), built on Dec 22 2015 18:21:33 by "java_re" with gcc 4.3.0 20080428 (Red Hat 4.3.0-8)

time: Mon Feb  8 12:47:32 2016
elapsed time: 20 seconds (0d 0h 0m 20s)

